[2025-05-10 16:30:42.444]---------------------------------------- [APPLICATION STARTED] ----------------------------------------
[2025-05-10 16:30:42.438] R                                                int main(int, char**)            
<<START RAW>>
Starting Application Code Files to Graph, version: 1.2.1

<<END RAW>>
[2025-05-10 16:30:42.444] I                        ReadStartupJson::ReadStartupJson(const char*)            using json file 'startup_0.json' selected by user
[2025-05-10 16:30:42.451] I                     void ReadStartupJson::readVariables(const json&)            all keys readed correctly
[2025-05-10 16:30:42.457] I                        ReadStartupJson::ReadStartupJson(const char*)            startup json loaded
[2025-05-10 16:30:42.618] R                                        void Program::readDirectory()            
<<START RAW>>
Skipped files:

<<END RAW>>
[2025-05-10 16:30:42.619] R                                        void Program::readDirectory()            
<<START RAW>>
"*" - 284

<<END RAW>>
[2025-05-10 16:30:42.620] R                                        void Program::readDirectory()            
<<START RAW>>
"*.bat" - 1

<<END RAW>>
[2025-05-10 16:30:42.621] R                                        void Program::readDirectory()            
<<START RAW>>
"*.bin" - 3

<<END RAW>>
[2025-05-10 16:30:42.621] R                                        void Program::readDirectory()            
<<START RAW>>
"*.check_cache" - 2

<<END RAW>>
[2025-05-10 16:30:42.622] R                                        void Program::readDirectory()            
<<START RAW>>
"*.cmake" - 19

<<END RAW>>
[2025-05-10 16:30:42.623] R                                        void Program::readDirectory()            
<<START RAW>>
"*.conan" - 2

<<END RAW>>
[2025-05-10 16:30:42.624] R                                        void Program::readDirectory()            
<<START RAW>>
"*.dll" - 310

<<END RAW>>
[2025-05-10 16:30:42.624] R                                        void Program::readDirectory()            
<<START RAW>>
"*.dot" - 6

<<END RAW>>
[2025-05-10 16:30:42.625] R                                        void Program::readDirectory()            
<<START RAW>>
"*.exe" - 187

<<END RAW>>
[2025-05-10 16:30:42.626] R                                        void Program::readDirectory()            
<<START RAW>>
"*.idx" - 825

<<END RAW>>
[2025-05-10 16:30:42.627] R                                        void Program::readDirectory()            
<<START RAW>>
"*.json" - 39

<<END RAW>>
[2025-05-10 16:30:42.627] R                                        void Program::readDirectory()            
<<START RAW>>
"*.log" - 97

<<END RAW>>
[2025-05-10 16:30:42.628] R                                        void Program::readDirectory()            
<<START RAW>>
"*.md" - 1

<<END RAW>>
[2025-05-10 16:30:42.628] R                                        void Program::readDirectory()            
<<START RAW>>
"*.ninja" - 4

<<END RAW>>
[2025-05-10 16:30:42.629] R                                        void Program::readDirectory()            
<<START RAW>>
"*.obj" - 10

<<END RAW>>
[2025-05-10 16:30:42.630] R                                        void Program::readDirectory()            
<<START RAW>>
"*.png" - 7

<<END RAW>>
[2025-05-10 16:30:42.631] R                                        void Program::readDirectory()            
<<START RAW>>
"*.prev" - 2

<<END RAW>>
[2025-05-10 16:30:42.631] R                                        void Program::readDirectory()            
<<START RAW>>
"*.sample" - 14

<<END RAW>>
[2025-05-10 16:30:42.632] R                                        void Program::readDirectory()            
<<START RAW>>
"*.sh" - 5

<<END RAW>>
[2025-05-10 16:30:42.633] R                                        void Program::readDirectory()            
<<START RAW>>
"*.txt" - 5

<<END RAW>>
[2025-05-10 16:30:42.634] R                                        void Program::readDirectory()            
<<START RAW>>
"*.user" - 1

<<END RAW>>
[2025-05-10 16:30:42.634] R                                        void Program::readDirectory()            
<<START RAW>>
"*.yaml" - 2

<<END RAW>>
[2025-05-10 16:30:42.635] R                                        void Program::readDirectory()            
<<START RAW>>
Accepted files:

<<END RAW>>
[2025-05-10 16:30:42.636] R                                        void Program::readDirectory()            
<<START RAW>>
build\Desktop_Qt_6_7_3_MinGW_64_bit-Debug\CMakeFiles\3.29.3\CompilerIdCXX\CMakeCXXCompilerId.cpp

<<END RAW>>
[2025-05-10 16:30:42.641] R                                        void Program::readDirectory()            
<<START RAW>>
build\Desktop_Qt_6_7_3_MinGW_64_bit-Debug\CMakeFiles\3.30.5\CompilerIdCXX\CMakeCXXCompilerId.cpp

<<END RAW>>
[2025-05-10 16:30:42.646] R                                        void Program::readDirectory()            
<<START RAW>>
build\Desktop_Qt_6_7_3_MinGW_64_bit-Release\CMakeFiles\3.30.5\CompilerIdCXX\CMakeCXXCompilerId.cpp

<<END RAW>>
[2025-05-10 16:30:42.651] R                                        void Program::readDirectory()            
<<START RAW>>
source\File.cpp

<<END RAW>>
[2025-05-10 16:30:42.653] R                                        void Program::readDirectory()            
<<START RAW>>
source\File.h

<<END RAW>>
[2025-05-10 16:30:42.654] R                                        void Program::readDirectory()            
<<START RAW>>
source\main.cpp

<<END RAW>>
[2025-05-10 16:30:42.655] R                                        void Program::readDirectory()            
<<START RAW>>
source\Program.cpp

<<END RAW>>
[2025-05-10 16:30:42.656] R                                        void Program::readDirectory()            
<<START RAW>>
source\Program.h

<<END RAW>>
[2025-05-10 16:30:42.657] R                                        void Program::readDirectory()            
<<START RAW>>
source\ReadStartupJson.cpp

<<END RAW>>
[2025-05-10 16:30:42.659] R                                        void Program::readDirectory()            
<<START RAW>>
source\ReadStartupJson.h

<<END RAW>>
[2025-05-10 16:30:42.660] R                                        void Program::readDirectory()            
<<START RAW>>
source\Log\Log.cpp

<<END RAW>>
[2025-05-10 16:30:42.661] R                                        void Program::readDirectory()            
<<START RAW>>
source\Log\Log.h

<<END RAW>>
[2025-05-10 16:30:42.662] R                                        void Program::readDirectory()            
<<START RAW>>
source\nlohmann_json\json.hpp

<<END RAW>>
[2025-05-10 16:30:42.701] I                            void Program::findRelationsBetweenFiles()            created relations between files
[2025-05-10 16:30:43.194] I                                        void Program::startGraphviz()            graphviz executed successfully
