[2025-05-10 16:20:27.214]---------------------------------------- [APPLICATION STARTED] ----------------------------------------
[2025-05-10 16:20:27.209] R                                                int main(int, char**)            
<<START RAW>>
Starting Application Code Files to Graph, version: 1.2.0

<<END RAW>>
[2025-05-10 16:20:27.214] I                        ReadStartupJson::ReadStartupJson(const char*)            using json file 'startup_1.json' selected by user
[2025-05-10 16:20:27.228] I                     void ReadStartupJson::readVariables(const json&)            all keys readed correctly
[2025-05-10 16:20:27.235] I                        ReadStartupJson::ReadStartupJson(const char*)            startup json loaded
[2025-05-10 16:20:27.397] R                                        void Program::readDirectory()            
<<START RAW>>
Skipped files:

<<END RAW>>
[2025-05-10 16:20:27.399] R                                        void Program::readDirectory()            
<<START RAW>>
"*" - 284

<<END RAW>>
[2025-05-10 16:20:27.399] R                                        void Program::readDirectory()            
<<START RAW>>
"*.bat" - 1

<<END RAW>>
[2025-05-10 16:20:27.400] R                                        void Program::readDirectory()            
<<START RAW>>
"*.bin" - 3

<<END RAW>>
[2025-05-10 16:20:27.400] R                                        void Program::readDirectory()            
<<START RAW>>
"*.check_cache" - 2

<<END RAW>>
[2025-05-10 16:20:27.401] R                                        void Program::readDirectory()            
<<START RAW>>
"*.cmake" - 19

<<END RAW>>
[2025-05-10 16:20:27.402] R                                        void Program::readDirectory()            
<<START RAW>>
"*.conan" - 2

<<END RAW>>
[2025-05-10 16:20:27.403] R                                        void Program::readDirectory()            
<<START RAW>>
"*.dll" - 310

<<END RAW>>
[2025-05-10 16:20:27.404] R                                        void Program::readDirectory()            
<<START RAW>>
"*.dot" - 6

<<END RAW>>
[2025-05-10 16:20:27.404] R                                        void Program::readDirectory()            
<<START RAW>>
"*.exe" - 187

<<END RAW>>
[2025-05-10 16:20:27.405] R                                        void Program::readDirectory()            
<<START RAW>>
"*.idx" - 825

<<END RAW>>
[2025-05-10 16:20:27.407] R                                        void Program::readDirectory()            
<<START RAW>>
"*.json" - 39

<<END RAW>>
[2025-05-10 16:20:27.407] R                                        void Program::readDirectory()            
<<START RAW>>
"*.log" - 91

<<END RAW>>
[2025-05-10 16:20:27.408] R                                        void Program::readDirectory()            
<<START RAW>>
"*.md" - 1

<<END RAW>>
[2025-05-10 16:20:27.409] R                                        void Program::readDirectory()            
<<START RAW>>
"*.ninja" - 4

<<END RAW>>
[2025-05-10 16:20:27.409] R                                        void Program::readDirectory()            
<<START RAW>>
"*.obj" - 8

<<END RAW>>
[2025-05-10 16:20:27.410] R                                        void Program::readDirectory()            
<<START RAW>>
"*.png" - 7

<<END RAW>>
[2025-05-10 16:20:27.411] R                                        void Program::readDirectory()            
<<START RAW>>
"*.prev" - 2

<<END RAW>>
[2025-05-10 16:20:27.411] R                                        void Program::readDirectory()            
<<START RAW>>
"*.sample" - 14

<<END RAW>>
[2025-05-10 16:20:27.412] R                                        void Program::readDirectory()            
<<START RAW>>
"*.sh" - 5

<<END RAW>>
[2025-05-10 16:20:27.413] R                                        void Program::readDirectory()            
<<START RAW>>
"*.txt" - 5

<<END RAW>>
[2025-05-10 16:20:27.413] R                                        void Program::readDirectory()            
<<START RAW>>
"*.user" - 1

<<END RAW>>
[2025-05-10 16:20:27.414] R                                        void Program::readDirectory()            
<<START RAW>>
"*.yaml" - 2

<<END RAW>>
[2025-05-10 16:20:27.415] R                                        void Program::readDirectory()            
<<START RAW>>
"build\Desktop_Qt_6_7_3_MinGW_64_bit-Debug\CMakeFiles\ApplicationCodeFilesToGraph.dir\source\Log/" - 1

<<END RAW>>
[2025-05-10 16:20:27.420] R                                        void Program::readDirectory()            
<<START RAW>>
"build\Desktop_Qt_6_7_3_MinGW_64_bit-Release\CMakeFiles\ApplicationCodeFilesToGraph.dir\source\Log/" - 1

<<END RAW>>
[2025-05-10 16:20:27.436] R                                        void Program::readDirectory()            
<<START RAW>>
"source\Log/" - 1

<<END RAW>>
[2025-05-10 16:20:27.437] R                                        void Program::readDirectory()            
<<START RAW>>
Accepted files:

<<END RAW>>
[2025-05-10 16:20:27.438] R                                        void Program::readDirectory()            
<<START RAW>>
build\Desktop_Qt_6_7_3_MinGW_64_bit-Debug\CMakeFiles\3.29.3\CompilerIdCXX\CMakeCXXCompilerId.cpp

<<END RAW>>
[2025-05-10 16:20:27.443] R                                        void Program::readDirectory()            
<<START RAW>>
build\Desktop_Qt_6_7_3_MinGW_64_bit-Debug\CMakeFiles\3.30.5\CompilerIdCXX\CMakeCXXCompilerId.cpp

<<END RAW>>
[2025-05-10 16:20:27.447] R                                        void Program::readDirectory()            
<<START RAW>>
build\Desktop_Qt_6_7_3_MinGW_64_bit-Release\CMakeFiles\3.30.5\CompilerIdCXX\CMakeCXXCompilerId.cpp

<<END RAW>>
[2025-05-10 16:20:27.452] R                                        void Program::readDirectory()            
<<START RAW>>
source\File.cpp

<<END RAW>>
[2025-05-10 16:20:27.454] R                                        void Program::readDirectory()            
<<START RAW>>
source\File.h

<<END RAW>>
[2025-05-10 16:20:27.455] R                                        void Program::readDirectory()            
<<START RAW>>
source\main.cpp

<<END RAW>>
[2025-05-10 16:20:27.455] R                                        void Program::readDirectory()            
<<START RAW>>
source\Program.cpp

<<END RAW>>
[2025-05-10 16:20:27.456] R                                        void Program::readDirectory()            
<<START RAW>>
source\Program.h

<<END RAW>>
[2025-05-10 16:20:27.457] R                                        void Program::readDirectory()            
<<START RAW>>
source\ReadStartupJson.cpp

<<END RAW>>
[2025-05-10 16:20:27.459] R                                        void Program::readDirectory()            
<<START RAW>>
source\ReadStartupJson.h

<<END RAW>>
[2025-05-10 16:20:27.460] R                                        void Program::readDirectory()            
<<START RAW>>
source\nlohmann_json\json.hpp

<<END RAW>>
[2025-05-10 16:20:27.493] I                            void Program::findRelationsBetweenFiles()            created relations between files
[2025-05-10 16:20:27.977] I                                        void Program::startGraphviz()            graphviz executed successfully
